2015-04-18 12:43:03: Give up on SetFileOwner: file=//niehao.xicp.net/niehao/文档/program/_gsdata_ smb=1 error=WinFileSys::SetFileOwnerIfYouCan: This security ID may not be assigned as the owner of this object.  (error 1307)
2015-04-18 12:43:03: -- Analysis Started by Periodic Timer, Under Runner
2015-04-18 12:43:03: 左侧: State file does not exist: E:/program/_gsdata_/_file_state_v4._gs
2015-04-18 12:43:03: 右侧: State file does not exist: //niehao.xicp.net/niehao/文档/program/_gsdata_/_file_state_v4._gs
2015-04-18 12:43:03: 变更：48， 冲突：， 复制时间：， 复制状态：/， 错误： , All: 50
2015-04-18 12:43:03: Left to Right: Copy File: 48 
2015-04-18 12:43:03: == Sync Started by Periodic Timer, Under Runner
2015-04-18 12:43:03: 创建文件夹 '//niehao.xicp.net/niehao/文档/program/c'
2015-04-18 12:43:03: 创建文件夹 '//niehao.xicp.net/niehao/文档/program/c/Data_struct_Algorithm'
2015-04-18 12:43:03: 创建文件夹 '//niehao.xicp.net/niehao/文档/program/cpp'
2015-04-18 12:43:03: 创建文件夹 '//niehao.xicp.net/niehao/文档/program/cpp/ghw_2014_Su'
2015-04-18 12:43:03: 创建文件夹 '//niehao.xicp.net/niehao/文档/program/cpp/ghw_2014_Su/图书管理系统'
2015-04-18 12:43:03: 创建文件夹 '//niehao.xicp.net/niehao/文档/program/cpp/ghw_2014_Su/学生成绩管理系统'
2015-04-18 12:43:03: 创建文件夹 '//niehao.xicp.net/niehao/文档/program/cpp/数字逻辑'
2015-04-18 12:43:03: 创建文件夹 '//niehao.xicp.net/niehao/文档/program/cpp/数字逻辑/QM'
2015-04-18 12:43:03: 创建文件夹 '//niehao.xicp.net/niehao/文档/program/python'
2015-04-18 12:43:03: 新建复制 'E:/program/c/Data_struct_Algorithm/1' -> '//niehao.xicp.net/niehao/文档/program/c/Data_struct_Algorithm/1'
2015-04-18 12:43:03: 新建复制 'E:/program/c/Data_struct_Algorithm/10.c' -> '//niehao.xicp.net/niehao/文档/program/c/Data_struct_Algorithm/10.c'
2015-04-18 12:43:03: 新建复制 'E:/program/c/Data_struct_Algorithm/11.c' -> '//niehao.xicp.net/niehao/文档/program/c/Data_struct_Algorithm/11.c'
2015-04-18 12:43:04: 新建复制 'E:/program/c/Data_struct_Algorithm/2.c' -> '//niehao.xicp.net/niehao/文档/program/c/Data_struct_Algorithm/2.c'
2015-04-18 12:43:04: 新建复制 'E:/program/c/Data_struct_Algorithm/3.c' -> '//niehao.xicp.net/niehao/文档/program/c/Data_struct_Algorithm/3.c'
2015-04-18 12:43:04: 新建复制 'E:/program/c/Data_struct_Algorithm/4.c' -> '//niehao.xicp.net/niehao/文档/program/c/Data_struct_Algorithm/4.c'
2015-04-18 12:43:04: 新建复制 'E:/program/c/Data_struct_Algorithm/5.c' -> '//niehao.xicp.net/niehao/文档/program/c/Data_struct_Algorithm/5.c'
2015-04-18 12:43:04: 新建复制 'E:/program/c/Data_struct_Algorithm/6.c' -> '//niehao.xicp.net/niehao/文档/program/c/Data_struct_Algorithm/6.c'
2015-04-18 12:43:05: 新建复制 'E:/program/c/Data_struct_Algorithm/7.c' -> '//niehao.xicp.net/niehao/文档/program/c/Data_struct_Algorithm/7.c'
2015-04-18 12:43:05: 新建复制 'E:/program/c/Data_struct_Algorithm/8.c' -> '//niehao.xicp.net/niehao/文档/program/c/Data_struct_Algorithm/8.c'
2015-04-18 12:43:05: 新建复制 'E:/program/c/Data_struct_Algorithm/9.c' -> '//niehao.xicp.net/niehao/文档/program/c/Data_struct_Algorithm/9.c'
2015-04-18 12:43:10: 新建复制 'E:/program/cpp/ghw_2014_Su/2013011280_聂浩_无31.zip' -> '//niehao.xicp.net/niehao/文档/program/cpp/ghw_2014_Su/2013011280_聂浩_无31.zip'
2015-04-18 12:43:10: 新建复制 'E:/program/cpp/ghw_2014_Su/图书管理系统/gw2.exe' -> '//niehao.xicp.net/niehao/文档/program/cpp/ghw_2014_Su/图书管理系统/gw2.exe'
2015-04-18 12:43:10: 新建复制 'E:/program/cpp/ghw_2014_Su/图书管理系统/lib.dat' -> '//niehao.xicp.net/niehao/文档/program/cpp/ghw_2014_Su/图书管理系统/lib.dat'
2015-04-18 12:43:11: 新建复制 'E:/program/cpp/ghw_2014_Su/图书管理系统/lib.h' -> '//niehao.xicp.net/niehao/文档/program/cpp/ghw_2014_Su/图书管理系统/lib.h'
2015-04-18 12:43:11: 新建复制 'E:/program/cpp/ghw_2014_Su/图书管理系统/main.cpp' -> '//niehao.xicp.net/niehao/文档/program/cpp/ghw_2014_Su/图书管理系统/main.cpp'
2015-04-18 12:43:11: 新建复制 'E:/program/cpp/ghw_2014_Su/图书管理系统/md5.cpp' -> '//niehao.xicp.net/niehao/文档/program/cpp/ghw_2014_Su/图书管理系统/md5.cpp'
2015-04-18 12:43:11: 新建复制 'E:/program/cpp/ghw_2014_Su/图书管理系统/md5.h' -> '//niehao.xicp.net/niehao/文档/program/cpp/ghw_2014_Su/图书管理系统/md5.h'
2015-04-18 12:43:12: 新建复制 'E:/program/cpp/ghw_2014_Su/图书管理系统/图书管理系统.docx' -> '//niehao.xicp.net/niehao/文档/program/cpp/ghw_2014_Su/图书管理系统/图书管理系统.docx'
- 错误: Error copying file: The request was aborted.  (error 1235)
2015-04-18 12:43:13: stopped by Unattended Job Option un-checked ??
2015-04-18 12:43:13: 
